<?xml version="1.0" encoding="UTF-8"?>
<testng-results ignored="0" total="3" passed="3" failed="0" skipped="0">
  <reporter-output>
  </reporter-output>
  <suite started-at="2024-04-10T10:24:51 IST" name="Suite" finished-at="2024-04-10T10:25:16 IST" duration-ms="24345">
    <groups>
    </groups>
    <test started-at="2024-04-10T10:24:51 IST" name="Test" finished-at="2024-04-10T10:25:16 IST" duration-ms="24345">
      <class name="TESTNG.ThirdTest">
        <test-method signature="OpenApp()[pri:1, instance:TESTNG.ThirdTest@6a192cfe]" started-at="2024-04-10T10:24:51 IST" name="OpenApp" finished-at="2024-04-10T10:25:14 IST" duration-ms="22948" status="PASS">
          <reporter-output>
          </reporter-output>
        </test-method> <!-- OpenApp -->
        <test-method signature="Login()[pri:2, instance:TESTNG.ThirdTest@6a192cfe]" started-at="2024-04-10T10:25:14 IST" name="Login" finished-at="2024-04-10T10:25:15 IST" duration-ms="1143" status="PASS">
          <reporter-output>
          </reporter-output>
        </test-method> <!-- Login -->
        <test-method signature="Closeapp()[pri:3, instance:TESTNG.ThirdTest@6a192cfe]" started-at="2024-04-10T10:25:15 IST" name="Closeapp" finished-at="2024-04-10T10:25:16 IST" duration-ms="170" status="PASS">
          <reporter-output>
          </reporter-output>
        </test-method> <!-- Closeapp -->
      </class> <!-- TESTNG.ThirdTest -->
    </test> <!-- Test -->
  </suite> <!-- Suite -->
</testng-results>
