<?xml version="1.0" encoding="UTF-8"?>
<testng-results ignored="0" total="3" passed="3" failed="0" skipped="0">
  <reporter-output>
  </reporter-output>
  <suite started-at="2024-04-09T19:15:51 IST" name="Default suite" finished-at="2024-04-09T19:16:05 IST" duration-ms="13584">
    <groups>
    </groups>
    <test started-at="2024-04-09T19:15:51 IST" name="Default test" finished-at="2024-04-09T19:16:05 IST" duration-ms="13584">
      <class name="TESTNG.ThirdTest">
        <test-method signature="OpenApp()[pri:1, instance:TESTNG.ThirdTest@61862a7f]" started-at="2024-04-09T19:15:51 IST" name="OpenApp" finished-at="2024-04-09T19:16:04 IST" duration-ms="12562" status="PASS">
          <reporter-output>
          </reporter-output>
        </test-method> <!-- OpenApp -->
        <test-method signature="Login()[pri:2, instance:TESTNG.ThirdTest@61862a7f]" started-at="2024-04-09T19:16:04 IST" name="Login" finished-at="2024-04-09T19:16:05 IST" duration-ms="864" status="PASS">
          <reporter-output>
          </reporter-output>
        </test-method> <!-- Login -->
        <test-method signature="Closeapp()[pri:3, instance:TESTNG.ThirdTest@61862a7f]" started-at="2024-04-09T19:16:05 IST" name="Closeapp" finished-at="2024-04-09T19:16:05 IST" duration-ms="107" status="PASS">
          <reporter-output>
          </reporter-output>
        </test-method> <!-- Closeapp -->
      </class> <!-- TESTNG.ThirdTest -->
    </test> <!-- Default test -->
  </suite> <!-- Default suite -->
</testng-results>
